生成启动时间为 2016/3/18 21:19:42。
     1>项目“F:\程序编写\wc1\wc1\wc1.vcxproj”在节点 2 上(build 个目标)。
     1>InitializeBuildStatus:
         正在创建“Debug\wc.unsuccessfulbuild”，因为已指定“AlwaysCreate”。
       ClCompile:
         D:\vs\VC\bin\CL.exe /c /ZI /nologo /W3 /WX- /Od /Oy- /D _MBCS /Gm /EHsc /RTC1 /MDd /GS /fp:precise /Zc:wchar_t /Zc:forScope /Fo"Debug\\" /Fd"Debug\vc100.pdb" /Gd /TP /analyze- /errorReport:prompt wc1.cpp
         wc1.cpp
     1>f:\程序编写\wc1\wc1\wc1.cpp(14): warning C4996: 'fopen': This function or variable may be unsafe. Consider using fopen_s instead. To disable deprecation, use _CRT_SECURE_NO_WARNINGS. See online help for details.
                 d:\vs\vc\include\stdio.h(234) : 参见“fopen”的声明
       Link:
         D:\vs\VC\bin\link.exe /ERRORREPORT:PROMPT /OUT:"F:\程序编写\wc1\Debug\wc.exe" /NOLOGO kernel32.lib user32.lib gdi32.lib winspool.lib comdlg32.lib advapi32.lib shell32.lib ole32.lib oleaut32.lib uuid.lib odbc32.lib odbccp32.lib /MANIFEST /ManifestFile:"Debug\wc.exe.intermediate.manifest" /MANIFESTUAC:"level='asInvoker' uiAccess='false'" /DEBUG /PDB:"F:\程序编写\wc1\Debug\wc.pdb" /TLBID:1 /DYNAMICBASE /NXCOMPAT /IMPLIB:"F:\程序编写\wc1\Debug\wc.lib" /MACHINE:X86 Debug\wc1.obj
         LINK : 没有找到 F:\程序编写\wc1\Debug\wc.exe 或上一个增量链接没有生成它；正在执行完全链接
         wc1.vcxproj -> F:\程序编写\wc1\Debug\wc.exe
       Manifest:
         C:\Program Files (x86)\Microsoft SDKs\Windows\v7.0A\bin\mt.exe /nologo /verbose /outputresource:"F:\程序编写\wc1\Debug\wc.exe;#1" /manifest Debug\wc.exe.intermediate.manifest
       FinalizeBuildStatus:
         正在删除文件“Debug\wc.unsuccessfulbuild”。
         正在对“Debug\wc.lastbuildstate”执行 Touch 任务。
     1>已完成生成项目“F:\程序编写\wc1\wc1\wc1.vcxproj”(build 个目标)的操作。

生成成功。

已用时间 00:00:02.74
